Determining if the pthread_create exist failed with the following output:
Change Dir: /home/kaushik/CLionProjects/cuda2/cmake-build-debug/CMakeFiles/CMakeTmp

Run Build Command:"/usr/bin/make" "cmTC_6cf69/fast"
/usr/bin/make -f CMakeFiles/cmTC_6cf69.dir/build.make CMakeFiles/cmTC_6cf69.dir/build
make[1]: Entering directory '/home/kaushik/CLionProjects/cuda2/cmake-build-debug/CMakeFiles/CMakeTmp'
Building C object CMakeFiles/cmTC_6cf69.dir/CheckSymbolExists.c.o
/usr/bin/cc    -fPIC    -o CMakeFiles/cmTC_6cf69.dir/CheckSymbolExists.c.o   -c /home/kaushik/CLionProjects/cuda2/cmake-build-debug/CMakeFiles/CMakeTmp/CheckSymbolExists.c
Linking C executable cmTC_6cf69
/opt/clion-2016.3.3/bin/cmake/bin/cmake -E cmake_link_script CMakeFiles/cmTC_6cf69.dir/link.txt --verbose=1
/usr/bin/cc  -fPIC     CMakeFiles/cmTC_6cf69.dir/CheckSymbolExists.c.o  -o cmTC_6cf69 
CMakeFiles/cmTC_6cf69.dir/CheckSymbolExists.c.o: In function `main':
CheckSymbolExists.c:(.text+0x1b): undefined reference to `pthread_create'
collect2: error: ld returned 1 exit status
CMakeFiles/cmTC_6cf69.dir/build.make:97: recipe for target 'cmTC_6cf69' failed
make[1]: *** [cmTC_6cf69] Error 1
make[1]: Leaving directory '/home/kaushik/CLionProjects/cuda2/cmake-build-debug/CMakeFiles/CMakeTmp'
Makefile:126: recipe for target 'cmTC_6cf69/fast' failed
make: *** [cmTC_6cf69/fast] Error 2

File /home/kaushik/CLionProjects/cuda2/cmake-build-debug/CMakeFiles/CMakeTmp/CheckSymbolExists.c:
/* */
#include <pthread.h>

int main(int argc, char** argv)
{
  (void)argv;
#ifndef pthread_create
  return ((int*)(&pthread_create))[argc];
#else
  (void)argc;
  return 0;
#endif
}

Determining if the function pthread_create exists in the pthreads failed with the following output:
Change Dir: /home/kaushik/CLionProjects/cuda2/cmake-build-debug/CMakeFiles/CMakeTmp

Run Build Command:"/usr/bin/make" "cmTC_eddaf/fast"
/usr/bin/make -f CMakeFiles/cmTC_eddaf.dir/build.make CMakeFiles/cmTC_eddaf.dir/build
make[1]: Entering directory '/home/kaushik/CLionProjects/cuda2/cmake-build-debug/CMakeFiles/CMakeTmp'
Building C object CMakeFiles/cmTC_eddaf.dir/CheckFunctionExists.c.o
/usr/bin/cc    -fPIC -DCHECK_FUNCTION_EXISTS=pthread_create   -o CMakeFiles/cmTC_eddaf.dir/CheckFunctionExists.c.o   -c /opt/clion-2016.3.3/bin/cmake/share/cmake-3.6/Modules/CheckFunctionExists.c
Linking C executable cmTC_eddaf
/opt/clion-2016.3.3/bin/cmake/bin/cmake -E cmake_link_script CMakeFiles/cmTC_eddaf.dir/link.txt --verbose=1
/usr/bin/cc  -fPIC -DCHECK_FUNCTION_EXISTS=pthread_create    CMakeFiles/cmTC_eddaf.dir/CheckFunctionExists.c.o  -o cmTC_eddaf -lpthreads 
/usr/bin/ld: cannot find -lpthreads
collect2: error: ld returned 1 exit status
CMakeFiles/cmTC_eddaf.dir/build.make:97: recipe for target 'cmTC_eddaf' failed
make[1]: *** [cmTC_eddaf] Error 1
make[1]: Leaving directory '/home/kaushik/CLionProjects/cuda2/cmake-build-debug/CMakeFiles/CMakeTmp'
Makefile:126: recipe for target 'cmTC_eddaf/fast' failed
make: *** [cmTC_eddaf/fast] Error 2


